TN:
SF:src\repositories\products.repository.ts
FN:9,(anonymous_0)
FN:20,(anonymous_1)
FN:31,(anonymous_2)
FN:41,(anonymous_3)
FN:69,(anonymous_4)
FNF:5
FNH:0
FNDA:0,(anonymous_0)
FNDA:0,(anonymous_1)
FNDA:0,(anonymous_2)
FNDA:0,(anonymous_3)
FNDA:0,(anonymous_4)
DA:1,1
DA:3,1
DA:5,1
DA:7,1
DA:10,0
DA:17,0
DA:21,0
DA:28,0
DA:32,0
DA:38,0
DA:42,0
DA:70,0
DA:86,0
LF:13
LH:4
BRDA:5,0,0,1
BRDA:5,0,1,0
BRDA:28,1,0,0
BRDA:28,1,1,0
BRDA:38,2,0,0
BRDA:38,2,1,0
BRF:6
BRH:1
end_of_record
TN:
SF:src\services\products.service.ts
FN:23,(anonymous_0)
FN:27,(anonymous_1)
FN:56,(anonymous_2)
FN:60,(anonymous_3)
FN:67,(anonymous_4)
FN:71,(anonymous_5)
FN:75,(anonymous_6)
FN:79,(anonymous_7)
FN:85,(anonymous_8)
FN:104,(anonymous_9)
FNF:10
FNH:10
FNDA:17,(anonymous_0)
FNDA:4,(anonymous_1)
FNDA:1,(anonymous_2)
FNDA:3,(anonymous_3)
FNDA:2,(anonymous_4)
FNDA:2,(anonymous_5)
FNDA:2,(anonymous_6)
FNDA:2,(anonymous_7)
FNDA:4,(anonymous_8)
FNDA:5,(anonymous_9)
DA:1,1
DA:3,1
DA:20,1
DA:24,17
DA:28,4
DA:29,1
DA:32,3
DA:33,1
DA:36,2
DA:37,1
DA:40,1
DA:42,1
DA:53,1
DA:57,1
DA:62,3
DA:64,3
DA:66,3
DA:67,2
DA:70,3
DA:71,2
DA:74,3
DA:75,2
DA:78,3
DA:79,2
DA:82,3
DA:87,4
DA:88,1
DA:91,3
DA:93,3
DA:94,1
DA:97,2
DA:98,1
DA:101,1
DA:115,5
DA:116,1
DA:119,4
DA:120,1
DA:123,3
DA:124,1
DA:127,2
DA:129,2
DA:130,1
DA:133,1
DA:143,1
DA:145,1
LF:45
LH:45
BRDA:28,0,0,1
BRDA:28,0,1,3
BRDA:28,1,0,4
BRDA:28,1,1,3
BRDA:32,2,0,1
BRDA:32,2,1,2
BRDA:32,3,0,3
BRDA:32,3,1,3
BRDA:36,4,0,1
BRDA:36,4,1,1
BRDA:36,5,0,2
BRDA:36,5,1,2
BRDA:66,6,0,1
BRDA:66,6,1,2
BRDA:70,7,0,1
BRDA:70,7,1,2
BRDA:74,8,0,1
BRDA:74,8,1,2
BRDA:78,9,0,1
BRDA:78,9,1,2
BRDA:87,10,0,1
BRDA:87,10,1,3
BRDA:87,11,0,4
BRDA:87,11,1,4
BRDA:93,12,0,1
BRDA:93,12,1,2
BRDA:97,13,0,1
BRDA:97,13,1,1
BRDA:115,14,0,1
BRDA:115,14,1,4
BRDA:115,15,0,5
BRDA:115,15,1,4
BRDA:119,16,0,1
BRDA:119,16,1,3
BRDA:119,17,0,4
BRDA:119,17,1,4
BRDA:123,18,0,1
BRDA:123,18,1,2
BRDA:123,19,0,3
BRDA:123,19,1,3
BRDA:129,20,0,1
BRDA:129,20,1,1
BRF:42
BRH:42
end_of_record
TN:
SF:src\utils\dynamodb.ts
FNF:0
FNH:0
DA:1,1
DA:2,1
DA:3,1
DA:5,1
DA:7,1
DA:11,1
LF:6
LH:6
BRDA:8,0,0,1
BRDA:8,0,1,0
BRF:2
BRH:1
end_of_record
